<?xml version="1.0" encoding="UTF-8" ?>
<testsuite tests="2" failures="1" name="CITVerichace.MavenBuildCIT.AppTest" time="15.019" errors="0" skipped="0">
  <properties>
[...]
</properties>
  <testcase classname="CITVerichace.MavenBuildCIT.AppTest" name="f" time="10.419"/>
  <testcase classname="CITVerichace.MavenBuildCIT.AppTest" name="f2" time="4.6">
    <failure message="An element could not be located on the page using the given search parameters.
For documentation on this error, please visit: https://www.seleniumhq.org/exceptions/no_such_element.html
Build info: version: &apos;3.141.59&apos;, revision: &apos;e82be7d358&apos;, time: &apos;2018-11-14T08:17:03&apos;
System info: host: &apos;MHAMED-10&apos;, ip: &apos;192.168.1.4&apos;, os.name: &apos;Windows 10&apos;, os.arch: &apos;amd64&apos;, os.version: &apos;10.0&apos;, java.version: &apos;1.8.0_191&apos;
Driver info: io.appium.java_client.android.AndroidDriver
Capabilities {app: C:\Users\mhamed\eclipse-wor..., appActivity: io.appium.android.apis.ApiD..., appPackage: io.appium.android.apis, automationName: UiAutomator2, databaseEnabled: false, desired: {app: C:\Users\mhamed\eclipse-wor..., appActivity: io.appium.android.apis.ApiD..., appPackage: io.appium.android.apis, automationName: UiAutomator2, deviceName: 2ac74d119805, noReset: false, platformName: android, platformVersion: 8.1.0}, deviceApiLevel: 27, deviceManufacturer: Xiaomi, deviceModel: Redmi 5 Plus, deviceName: 2ac74d119805, deviceScreenDensity: 440, deviceScreenSize: 1080x2160, deviceUDID: 2ac74d119805, javascriptEnabled: true, locationContextEnabled: false, networkConnectionEnabled: true, noReset: false, pixelRatio: 2.75, platform: LINUX, platformName: Android, platformVersion: 8.1.0, statBarHeight: 76, takesScreenshot: true, viewportRect: {height: 1954, left: 0, top: 76, width: 1080}, warnings: {}, webStorageEnabled: false}
Session ID: d31a60e9-fa28-4568-8dba-785123e8617b
*** Element info: {Using=xpath, value=//android.widget.ListView[@resource-id=&quot;android:id/select_dialog_listview&quot;]//android.widget.CheckedTextView[@resource-id=&quot;android:id/text1&quot; and @text=&quot;Traffic&quot;]}" type="org.openqa.selenium.NoSuchElementException">org.openqa.selenium.NoSuchElementException: An element could not be located on the page using the given search parameters.
For documentation on this error, please visit: https://www.seleniumhq.org/exceptions/no_such_element.html
Build info: version: &apos;3.141.59&apos;, revision: &apos;e82be7d358&apos;, time: &apos;2018-11-14T08:17:03&apos;
System info: host: &apos;MHAMED-10&apos;, ip: &apos;192.168.1.4&apos;, os.name: &apos;Windows 10&apos;, os.arch: &apos;amd64&apos;, os.version: &apos;10.0&apos;, java.version: &apos;1.8.0_191&apos;
Driver info: io.appium.java_client.android.AndroidDriver
Capabilities {app: C:\Users\mhamed\eclipse-wor..., appActivity: io.appium.android.apis.ApiD..., appPackage: io.appium.android.apis, automationName: UiAutomator2, databaseEnabled: false, desired: {app: C:\Users\mhamed\eclipse-wor..., appActivity: io.appium.android.apis.ApiD..., appPackage: io.appium.android.apis, automationName: UiAutomator2, deviceName: 2ac74d119805, noReset: false, platformName: android, platformVersion: 8.1.0}, deviceApiLevel: 27, deviceManufacturer: Xiaomi, deviceModel: Redmi 5 Plus, deviceName: 2ac74d119805, deviceScreenDensity: 440, deviceScreenSize: 1080x2160, deviceUDID: 2ac74d119805, javascriptEnabled: true, locationContextEnabled: false, networkConnectionEnabled: true, noReset: false, pixelRatio: 2.75, platform: LINUX, platformName: Android, platformVersion: 8.1.0, statBarHeight: 76, takesScreenshot: true, viewportRect: {height: 1954, left: 0, top: 76, width: 1080}, warnings: {}, webStorageEnabled: false}
Session ID: d31a60e9-fa28-4568-8dba-785123e8617b
*** Element info: {Using=xpath, value=//android.widget.ListView[@resource-id=&quot;android:id/select_dialog_listview&quot;]//android.widget.CheckedTextView[@resource-id=&quot;android:id/text1&quot; and @text=&quot;Traffic&quot;]}
	at sun.reflect.NativeConstructorAccessorImpl.newInstance0(Native Method)
	at sun.reflect.NativeConstructorAccessorImpl.newInstance(Unknown Source)
	at sun.reflect.DelegatingConstructorAccessorImpl.newInstance(Unknown Source)
	at java.lang.reflect.Constructor.newInstance(Unknown Source)
	at org.openqa.selenium.remote.http.W3CHttpResponseCodec.createException(W3CHttpResponseCodec.java:187)
	at org.openqa.selenium.remote.http.W3CHttpResponseCodec.decode(W3CHttpResponseCodec.java:122)
	at org.openqa.selenium.remote.http.W3CHttpResponseCodec.decode(W3CHttpResponseCodec.java:49)
	at org.openqa.selenium.remote.HttpCommandExecutor.execute(HttpCommandExecutor.java:158)
	at io.appium.java_client.remote.AppiumCommandExecutor.execute(AppiumCommandExecutor.java:239)
	at org.openqa.selenium.remote.RemoteWebDriver.execute(RemoteWebDriver.java:552)
	at io.appium.java_client.DefaultGenericMobileDriver.execute(DefaultGenericMobileDriver.java:42)
	at io.appium.java_client.AppiumDriver.execute(AppiumDriver.java:1)
	at io.appium.java_client.android.AndroidDriver.execute(AndroidDriver.java:1)
	at org.openqa.selenium.remote.RemoteWebDriver.findElement(RemoteWebDriver.java:323)
	at io.appium.java_client.DefaultGenericMobileDriver.findElement(DefaultGenericMobileDriver.java:62)
	at io.appium.java_client.AppiumDriver.findElement(AppiumDriver.java:1)
	at io.appium.java_client.android.AndroidDriver.findElement(AndroidDriver.java:1)
	at org.openqa.selenium.remote.RemoteWebDriver.findElementByXPath(RemoteWebDriver.java:428)
	at io.appium.java_client.DefaultGenericMobileDriver.findElementByXPath(DefaultGenericMobileDriver.java:152)
	at io.appium.java_client.AppiumDriver.findElementByXPath(AppiumDriver.java:1)
	at io.appium.java_client.android.AndroidDriver.findElementByXPath(AndroidDriver.java:1)
	at CITVerichace.MavenBuildCIT.AppTest.f2(AppTest.java:72)
</failure>
    <system-out>before method
C:\Users\mhamed\eclipse-workspace\MavenBuildCIT//apk//ApiDemos.apk
</system-out>
    <system-err>Jul 03, 2019 3:13:13 AM io.appium.java_client.remote.AppiumCommandExecutor$1 lambda$0
INFO: Detected dialect: W3C
</system-err>
  </testcase>
</testsuite>